0 info it worked if it ends with ok
1 verbose cli [ '/usr/bin/node', '/usr/bin/npm', 'install', '-g', 'js-bson' ]
2 info using npm@1.4.28
3 info using node@v0.10.33
4 verbose node symlink /usr/bin/node
5 verbose cache add [ 'js-bson', null ]
6 verbose cache add name=undefined spec="js-bson" args=["js-bson",null]
7 verbose parsed url { protocol: null,
7 verbose parsed url   slashes: null,
7 verbose parsed url   auth: null,
7 verbose parsed url   host: null,
7 verbose parsed url   port: null,
7 verbose parsed url   hostname: null,
7 verbose parsed url   hash: null,
7 verbose parsed url   search: null,
7 verbose parsed url   query: null,
7 verbose parsed url   pathname: 'js-bson',
7 verbose parsed url   path: 'js-bson',
7 verbose parsed url   href: 'js-bson' }
8 silly lockFile 39987484-js-bson js-bson
9 verbose lock js-bson /home/sv/.npm/39987484-js-bson.lock
10 silly lockFile 39987484-js-bson js-bson
11 silly lockFile 39987484-js-bson js-bson
12 verbose addNamed [ 'js-bson', '' ]
13 verbose addNamed [ null, '*' ]
14 silly lockFile a5c0f890-js-bson js-bson@
15 verbose lock js-bson@ /home/sv/.npm/a5c0f890-js-bson.lock
16 silly addNameRange { name: 'js-bson', range: '*', hasData: false }
17 verbose request where is /js-bson
18 verbose request registry http://registry.npmjs.org/
19 verbose request id f7f310d5a8261ddd
20 verbose url raw /js-bson
21 verbose url resolving [ 'http://registry.npmjs.org/', './js-bson' ]
22 verbose url resolved http://registry.npmjs.org/js-bson
23 verbose request where is http://registry.npmjs.org/js-bson
24 info trying registry request attempt 1 at 17:11:26
25 http GET http://registry.npmjs.org/js-bson
26 http 404 http://registry.npmjs.org/js-bson
27 verbose headers { server: 'CouchDB/1.5.0 (Erlang OTP/R16B03)',
27 verbose headers   'content-type': 'application/json',
27 verbose headers   'cache-control': 'max-age=0',
27 verbose headers   'content-length': '52',
27 verbose headers   'accept-ranges': 'bytes',
27 verbose headers   date: 'Tue, 04 Nov 2014 11:41:27 GMT',
27 verbose headers   via: '1.1 varnish',
27 verbose headers   age: '0',
27 verbose headers   connection: 'keep-alive',
27 verbose headers   'x-served-by': 'cache-fra1227-FRA',
27 verbose headers   'x-cache': 'MISS',
27 verbose headers   'x-cache-hits': '0',
27 verbose headers   'x-timer': 'S1415101287.507113,VS0,VE106' }
28 silly registry.get cb [ 404,
28 silly registry.get   { server: 'CouchDB/1.5.0 (Erlang OTP/R16B03)',
28 silly registry.get     'content-type': 'application/json',
28 silly registry.get     'cache-control': 'max-age=0',
28 silly registry.get     'content-length': '52',
28 silly registry.get     'accept-ranges': 'bytes',
28 silly registry.get     date: 'Tue, 04 Nov 2014 11:41:27 GMT',
28 silly registry.get     via: '1.1 varnish',
28 silly registry.get     age: '0',
28 silly registry.get     connection: 'keep-alive',
28 silly registry.get     'x-served-by': 'cache-fra1227-FRA',
28 silly registry.get     'x-cache': 'MISS',
28 silly registry.get     'x-cache-hits': '0',
28 silly registry.get     'x-timer': 'S1415101287.507113,VS0,VE106' } ]
29 silly lockFile a5c0f890-js-bson js-bson@
30 silly lockFile a5c0f890-js-bson js-bson@
31 error 404 404 Not Found: js-bson
31 error 404
31 error 404 'js-bson' is not in the npm registry.
31 error 404 You should bug the author to publish it
31 error 404
31 error 404 Note that you can also install from a
31 error 404 tarball, folder, or http url, or git url.
32 error System Linux 3.11.0-15-generic
33 error command "/usr/bin/node" "/usr/bin/npm" "install" "-g" "js-bson"
34 error cwd /home/sv/projects/test
35 error node -v v0.10.33
36 error npm -v 1.4.28
37 error code E404
38 verbose exit [ 1, true ]
